<?xml version="1.0" encoding="UTF-8"?>
<!-- Generated by org.testng.reporters.JUnitXMLReporter -->
<testsuite ignored="2" hostname="DESKTOP-T70C43U" failures="0" tests="0" time="0.008" errors="0" timestamp="2024-12-31T21:38:29 IST">
  <testcase classname="RahuleShettySeleniumCourse.seleniumframeworkdesign.LoginErrorValidationTest" name="LoginErrorValidation" time="0.0">
    <ignored/>
  </testcase> <!-- LoginErrorValidation -->
  <testcase classname="RahuleShettySeleniumCourse.seleniumframeworkdesign.LoginErrorValidationTest" name="productAddedToCartTest" time="0.0">
    <ignored/>
  </testcase> <!-- productAddedToCartTest -->
</testsuite>
