<?xml version="1.0" encoding="UTF-8"?>
<!-- Generated by org.testng.reporters.JUnitXMLReporter -->
<testsuite ignored="0" hostname="DESKTOP-T70C43U" failures="0" tests="3" name="SubmitOrder" time="0.259" errors="0" timestamp="2025-01-03T17:09:32 IST">
  <testcase classname="RahuleShettySeleniumCourse.seleniumframeworkdesign.SubmitOrderTest" name="submitOrder" time="0.0">
    <skipped/>
  </testcase> <!-- submitOrder -->
  <testcase classname="RahuleShettySeleniumCourse.seleniumframeworkdesign.SubmitOrderTest" name="submitOrder" time="0.001">
    <skipped/>
  </testcase> <!-- submitOrder -->
  <testcase classname="RahuleShettySeleniumCourse.seleniumframeworkdesign.SubmitOrderTest" name="orderHistoryTest" time="0.0">
    <skipped/>
  </testcase> <!-- orderHistoryTest -->
</testsuite> <!-- SubmitOrder -->
